\BOOKMARK [0][-]{chapter.1}{\376\377\0001\000\040\000D\000A\0002\0003\0002\0004\000\137\000P\000R\000J\0001\000\137\000G\0001\0008\0004}{}% 1
\BOOKMARK [0][-]{chapter.2}{\376\377\0002\000\040\000C\000l\000a\000s\000s\000\040\000I\000n\000d\000e\000x}{}% 2
\BOOKMARK [1][-]{section.2.1}{\376\377\0002\000.\0001\000\040\000C\000l\000a\000s\000s\000\040\000L\000i\000s\000t}{chapter.2}% 3
\BOOKMARK [0][-]{chapter.3}{\376\377\0003\000\040\000F\000i\000l\000e\000\040\000I\000n\000d\000e\000x}{}% 4
\BOOKMARK [1][-]{section.3.1}{\376\377\0003\000.\0001\000\040\000F\000i\000l\000e\000\040\000L\000i\000s\000t}{chapter.3}% 5
\BOOKMARK [0][-]{chapter.4}{\376\377\0004\000\040\000C\000l\000a\000s\000s\000\040\000D\000o\000c\000u\000m\000e\000n\000t\000a\000t\000i\000o\000n}{}% 6
\BOOKMARK [1][-]{section.4.1}{\376\377\0004\000.\0001\000\040\000A\000p\000p\000\040\000C\000l\000a\000s\000s\000\040\000R\000e\000f\000e\000r\000e\000n\000c\000e}{chapter.4}% 7
\BOOKMARK [2][-]{subsection.4.1.1}{\376\377\0004\000.\0001\000.\0001\000\040\000C\000o\000n\000s\000t\000r\000u\000c\000t\000o\000r\000\040\000\046\000\040\000D\000e\000s\000t\000r\000u\000c\000t\000o\000r\000\040\000D\000o\000c\000u\000m\000e\000n\000t\000a\000t\000i\000o\000n}{section.4.1}% 8
\BOOKMARK [3][-]{subsubsection.4.1.1.1}{\376\377\0004\000.\0001\000.\0001\000.\0001\000\040\000A\000p\000p\000\050\000\051}{subsection.4.1.1}% 9
\BOOKMARK [2][-]{subsection.4.1.2}{\376\377\0004\000.\0001\000.\0002\000\040\000M\000e\000m\000b\000e\000r\000\040\000F\000u\000n\000c\000t\000i\000o\000n\000\040\000D\000o\000c\000u\000m\000e\000n\000t\000a\000t\000i\000o\000n}{section.4.1}% 10
\BOOKMARK [3][-]{subsubsection.4.1.2.1}{\376\377\0004\000.\0001\000.\0002\000.\0001\000\040\000b\000a\000l\000a\000n\000c\000e\000M\000e\000n\000u\000\050\000\051}{subsection.4.1.2}% 11
\BOOKMARK [3][-]{subsubsection.4.1.2.2}{\376\377\0004\000.\0001\000.\0002\000.\0002\000\040\000g\000o\000B\000a\000c\000k\000M\000a\000i\000n\000M\000e\000n\000u\000\050\000\051}{subsection.4.1.2}% 12
\BOOKMARK [3][-]{subsubsection.4.1.2.3}{\376\377\0004\000.\0001\000.\0002\000.\0003\000\040\000m\000a\000i\000n\000M\000e\000n\000u\000\050\000\051}{subsection.4.1.2}% 13
\BOOKMARK [3][-]{subsubsection.4.1.2.4}{\376\377\0004\000.\0001\000.\0002\000.\0004\000\040\000m\000a\000x\000F\000l\000o\000w\000M\000e\000n\000u\000\050\000\051}{subsection.4.1.2}% 14
\BOOKMARK [3][-]{subsubsection.4.1.2.5}{\376\377\0004\000.\0001\000.\0002\000.\0005\000\040\000p\000i\000p\000e\000I\000m\000p\000a\000c\000t\000M\000e\000n\000u\000\050\000\051}{subsection.4.1.2}% 15
\BOOKMARK [3][-]{subsubsection.4.1.2.6}{\376\377\0004\000.\0001\000.\0002\000.\0006\000\040\000r\000e\000s\000e\000r\000v\000o\000i\000r\000I\000m\000p\000a\000c\000t\000M\000e\000n\000u\000\050\000\051}{subsection.4.1.2}% 16
\BOOKMARK [3][-]{subsubsection.4.1.2.7}{\376\377\0004\000.\0001\000.\0002\000.\0007\000\040\000s\000t\000a\000t\000i\000o\000n\000I\000m\000p\000a\000c\000t\000M\000e\000n\000u\000\050\000\051}{subsection.4.1.2}% 17
\BOOKMARK [3][-]{subsubsection.4.1.2.8}{\376\377\0004\000.\0001\000.\0002\000.\0008\000\040\000s\000t\000a\000t\000i\000s\000t\000i\000c\000s\000M\000e\000n\000u\000\050\000\051}{subsection.4.1.2}% 18
\BOOKMARK [3][-]{subsubsection.4.1.2.9}{\376\377\0004\000.\0001\000.\0002\000.\0009\000\040\000u\000p\000p\000e\000r\000C\000a\000s\000e\000\050\000\051}{subsection.4.1.2}% 19
\BOOKMARK [3][-]{subsubsection.4.1.2.10}{\376\377\0004\000.\0001\000.\0002\000.\0001\0000\000\040\000w\000a\000t\000e\000r\000N\000e\000e\000d\000s\000M\000e\000n\000u\000\050\000\051}{subsection.4.1.2}% 20
\BOOKMARK [2][-]{subsection.4.1.3}{\376\377\0004\000.\0001\000.\0003\000\040\000M\000e\000m\000b\000e\000r\000\040\000D\000a\000t\000a\000\040\000D\000o\000c\000u\000m\000e\000n\000t\000a\000t\000i\000o\000n}{section.4.1}% 21
\BOOKMARK [3][-]{subsubsection.4.1.3.1}{\376\377\0004\000.\0001\000.\0003\000.\0001\000\040\000w\000a\000t\000e\000r\000n\000e\000t\000w\000o\000r\000k}{subsection.4.1.3}% 22
\BOOKMARK [1][-]{section.4.2}{\376\377\0004\000.\0002\000\040\000E\000d\000g\000e\000<\000\040\000T\000\040\000>\000\040\000C\000l\000a\000s\000s\000\040\000T\000e\000m\000p\000l\000a\000t\000e\000\040\000R\000e\000f\000e\000r\000e\000n\000c\000e}{chapter.4}% 23
\BOOKMARK [2][-]{subsection.4.2.1}{\376\377\0004\000.\0002\000.\0001\000\040\000C\000o\000n\000s\000t\000r\000u\000c\000t\000o\000r\000\040\000\046\000\040\000D\000e\000s\000t\000r\000u\000c\000t\000o\000r\000\040\000D\000o\000c\000u\000m\000e\000n\000t\000a\000t\000i\000o\000n}{section.4.2}% 24
\BOOKMARK [3][-]{subsubsection.4.2.1.1}{\376\377\0004\000.\0002\000.\0001\000.\0001\000\040\000E\000d\000g\000e\000\050\000\051}{subsection.4.2.1}% 25
\BOOKMARK [2][-]{subsection.4.2.2}{\376\377\0004\000.\0002\000.\0002\000\040\000M\000e\000m\000b\000e\000r\000\040\000F\000u\000n\000c\000t\000i\000o\000n\000\040\000D\000o\000c\000u\000m\000e\000n\000t\000a\000t\000i\000o\000n}{section.4.2}% 26
\BOOKMARK [3][-]{subsubsection.4.2.2.1}{\376\377\0004\000.\0002\000.\0002\000.\0001\000\040\000g\000e\000t\000D\000e\000s\000t\000\050\000\051}{subsection.4.2.2}% 27
\BOOKMARK [3][-]{subsubsection.4.2.2.2}{\376\377\0004\000.\0002\000.\0002\000.\0002\000\040\000g\000e\000t\000F\000l\000o\000w\000\050\000\051}{subsection.4.2.2}% 28
\BOOKMARK [3][-]{subsubsection.4.2.2.3}{\376\377\0004\000.\0002\000.\0002\000.\0003\000\040\000g\000e\000t\000O\000r\000i\000g\000\050\000\051}{subsection.4.2.2}% 29
\BOOKMARK [3][-]{subsubsection.4.2.2.4}{\376\377\0004\000.\0002\000.\0002\000.\0004\000\040\000g\000e\000t\000R\000e\000v\000e\000r\000s\000e\000\050\000\051}{subsection.4.2.2}% 30
\BOOKMARK [3][-]{subsubsection.4.2.2.5}{\376\377\0004\000.\0002\000.\0002\000.\0005\000\040\000g\000e\000t\000W\000e\000i\000g\000h\000t\000\050\000\051}{subsection.4.2.2}% 31
\BOOKMARK [3][-]{subsubsection.4.2.2.6}{\376\377\0004\000.\0002\000.\0002\000.\0006\000\040\000i\000s\000S\000e\000l\000e\000c\000t\000e\000d\000\050\000\051}{subsection.4.2.2}% 32
\BOOKMARK [3][-]{subsubsection.4.2.2.7}{\376\377\0004\000.\0002\000.\0002\000.\0007\000\040\000s\000e\000t\000F\000l\000o\000w\000\050\000\051}{subsection.4.2.2}% 33
\BOOKMARK [3][-]{subsubsection.4.2.2.8}{\376\377\0004\000.\0002\000.\0002\000.\0008\000\040\000s\000e\000t\000R\000e\000v\000e\000r\000s\000e\000\050\000\051}{subsection.4.2.2}% 34
\BOOKMARK [3][-]{subsubsection.4.2.2.9}{\376\377\0004\000.\0002\000.\0002\000.\0009\000\040\000s\000e\000t\000S\000e\000l\000e\000c\000t\000e\000d\000\050\000\051}{subsection.4.2.2}% 35
\BOOKMARK [3][-]{subsubsection.4.2.2.10}{\376\377\0004\000.\0002\000.\0002\000.\0001\0000\000\040\000s\000e\000t\000W\000e\000i\000g\000h\000t\000\050\000\051}{subsection.4.2.2}% 36
\BOOKMARK [2][-]{subsection.4.2.3}{\376\377\0004\000.\0002\000.\0003\000\040\000M\000e\000m\000b\000e\000r\000\040\000D\000a\000t\000a\000\040\000D\000o\000c\000u\000m\000e\000n\000t\000a\000t\000i\000o\000n}{section.4.2}% 37
\BOOKMARK [3][-]{subsubsection.4.2.3.1}{\376\377\0004\000.\0002\000.\0003\000.\0001\000\040\000d\000e\000s\000t}{subsection.4.2.3}% 38
\BOOKMARK [3][-]{subsubsection.4.2.3.2}{\376\377\0004\000.\0002\000.\0003\000.\0002\000\040\000f\000l\000o\000w}{subsection.4.2.3}% 39
\BOOKMARK [3][-]{subsubsection.4.2.3.3}{\376\377\0004\000.\0002\000.\0003\000.\0003\000\040\000o\000r\000i\000g}{subsection.4.2.3}% 40
\BOOKMARK [3][-]{subsubsection.4.2.3.4}{\376\377\0004\000.\0002\000.\0003\000.\0004\000\040\000r\000e\000v\000e\000r\000s\000e}{subsection.4.2.3}% 41
\BOOKMARK [3][-]{subsubsection.4.2.3.5}{\376\377\0004\000.\0002\000.\0003\000.\0005\000\040\000s\000e\000l\000e\000c\000t\000e\000d}{subsection.4.2.3}% 42
\BOOKMARK [3][-]{subsubsection.4.2.3.6}{\376\377\0004\000.\0002\000.\0003\000.\0006\000\040\000w\000e\000i\000g\000h\000t}{subsection.4.2.3}% 43
\BOOKMARK [1][-]{section.4.3}{\376\377\0004\000.\0003\000\040\000G\000r\000a\000p\000h\000<\000\040\000T\000\040\000>\000\040\000C\000l\000a\000s\000s\000\040\000T\000e\000m\000p\000l\000a\000t\000e\000\040\000R\000e\000f\000e\000r\000e\000n\000c\000e}{chapter.4}% 44
\BOOKMARK [2][-]{subsection.4.3.1}{\376\377\0004\000.\0003\000.\0001\000\040\000M\000e\000m\000b\000e\000r\000\040\000F\000u\000n\000c\000t\000i\000o\000n\000\040\000D\000o\000c\000u\000m\000e\000n\000t\000a\000t\000i\000o\000n}{section.4.3}% 45
\BOOKMARK [3][-]{subsubsection.4.3.1.1}{\376\377\0004\000.\0003\000.\0001\000.\0001\000\040\000a\000d\000d\000B\000i\000d\000i\000r\000e\000c\000t\000i\000o\000n\000a\000l\000E\000d\000g\000e\000\050\000\051}{subsection.4.3.1}% 46
\BOOKMARK [3][-]{subsubsection.4.3.1.2}{\376\377\0004\000.\0003\000.\0001\000.\0002\000\040\000a\000d\000d\000E\000d\000g\000e\000\050\000\051}{subsection.4.3.1}% 47
\BOOKMARK [3][-]{subsubsection.4.3.1.3}{\376\377\0004\000.\0003\000.\0001\000.\0003\000\040\000a\000d\000d\000V\000e\000r\000t\000e\000x\000\050\000\051}{subsection.4.3.1}% 48
\BOOKMARK [3][-]{subsubsection.4.3.1.4}{\376\377\0004\000.\0003\000.\0001\000.\0004\000\040\000b\000f\000s\000\050\000\051}{subsection.4.3.1}% 49
\BOOKMARK [3][-]{subsubsection.4.3.1.5}{\376\377\0004\000.\0003\000.\0001\000.\0005\000\040\000d\000f\000s\000\050\000\051\000\040\000[\0001\000/\0002\000]}{subsection.4.3.1}% 50
\BOOKMARK [3][-]{subsubsection.4.3.1.6}{\376\377\0004\000.\0003\000.\0001\000.\0006\000\040\000d\000f\000s\000\050\000\051\000\040\000[\0002\000/\0002\000]}{subsection.4.3.1}% 51
\BOOKMARK [3][-]{subsubsection.4.3.1.7}{\376\377\0004\000.\0003\000.\0001\000.\0007\000\040\000d\000f\000s\000I\000s\000D\000A\000G\000\050\000\051}{subsection.4.3.1}% 52
\BOOKMARK [3][-]{subsubsection.4.3.1.8}{\376\377\0004\000.\0003\000.\0001\000.\0008\000\040\000d\000f\000s\000V\000i\000s\000i\000t\000\050\000\051}{subsection.4.3.1}% 53
\BOOKMARK [3][-]{subsubsection.4.3.1.9}{\376\377\0004\000.\0003\000.\0001\000.\0009\000\040\000f\000i\000n\000d\000V\000e\000r\000t\000e\000x\000\050\000\051}{subsection.4.3.1}% 54
\BOOKMARK [3][-]{subsubsection.4.3.1.10}{\376\377\0004\000.\0003\000.\0001\000.\0001\0000\000\040\000f\000i\000n\000d\000V\000e\000r\000t\000e\000x\000I\000d\000x\000\050\000\051}{subsection.4.3.1}% 55
\BOOKMARK [3][-]{subsubsection.4.3.1.11}{\376\377\0004\000.\0003\000.\0001\000.\0001\0001\000\040\000g\000e\000t\000N\000u\000m\000V\000e\000r\000t\000e\000x\000\050\000\051}{subsection.4.3.1}% 56
\BOOKMARK [3][-]{subsubsection.4.3.1.12}{\376\377\0004\000.\0003\000.\0001\000.\0001\0002\000\040\000g\000e\000t\000V\000e\000r\000t\000e\000x\000S\000e\000t\000\050\000\051}{subsection.4.3.1}% 57
\BOOKMARK [3][-]{subsubsection.4.3.1.13}{\376\377\0004\000.\0003\000.\0001\000.\0001\0003\000\040\000i\000s\000D\000A\000G\000\050\000\051}{subsection.4.3.1}% 58
\BOOKMARK [3][-]{subsubsection.4.3.1.14}{\376\377\0004\000.\0003\000.\0001\000.\0001\0004\000\040\000r\000e\000m\000o\000v\000e\000E\000d\000g\000e\000\050\000\051}{subsection.4.3.1}% 59
\BOOKMARK [3][-]{subsubsection.4.3.1.15}{\376\377\0004\000.\0003\000.\0001\000.\0001\0005\000\040\000r\000e\000m\000o\000v\000e\000V\000e\000r\000t\000e\000x\000\050\000\051}{subsection.4.3.1}% 60
\BOOKMARK [3][-]{subsubsection.4.3.1.16}{\376\377\0004\000.\0003\000.\0001\000.\0001\0006\000\040\000t\000o\000p\000s\000o\000r\000t\000\050\000\051}{subsection.4.3.1}% 61
\BOOKMARK [2][-]{subsection.4.3.2}{\376\377\0004\000.\0003\000.\0002\000\040\000M\000e\000m\000b\000e\000r\000\040\000D\000a\000t\000a\000\040\000D\000o\000c\000u\000m\000e\000n\000t\000a\000t\000i\000o\000n}{section.4.3}% 62
\BOOKMARK [3][-]{subsubsection.4.3.2.1}{\376\377\0004\000.\0003\000.\0002\000.\0001\000\040\000v\000e\000r\000t\000e\000x\000S\000e\000t}{subsection.4.3.2}% 63
\BOOKMARK [1][-]{section.4.4}{\376\377\0004\000.\0004\000\040\000N\000o\000d\000e\000\040\000C\000l\000a\000s\000s\000\040\000R\000e\000f\000e\000r\000e\000n\000c\000e}{chapter.4}% 64
\BOOKMARK [2][-]{subsection.4.4.1}{\376\377\0004\000.\0004\000.\0001\000\040\000D\000e\000t\000a\000i\000l\000e\000d\000\040\000D\000e\000s\000c\000r\000i\000p\000t\000i\000o\000n}{section.4.4}% 65
\BOOKMARK [2][-]{subsection.4.4.2}{\376\377\0004\000.\0004\000.\0002\000\040\000C\000o\000n\000s\000t\000r\000u\000c\000t\000o\000r\000\040\000\046\000\040\000D\000e\000s\000t\000r\000u\000c\000t\000o\000r\000\040\000D\000o\000c\000u\000m\000e\000n\000t\000a\000t\000i\000o\000n}{section.4.4}% 66
\BOOKMARK [3][-]{subsubsection.4.4.2.1}{\376\377\0004\000.\0004\000.\0002\000.\0001\000\040\000N\000o\000d\000e\000\050\000\051\000\040\000[\0001\000/\0005\000]}{subsection.4.4.2}% 67
\BOOKMARK [3][-]{subsubsection.4.4.2.2}{\376\377\0004\000.\0004\000.\0002\000.\0002\000\040\000N\000o\000d\000e\000\050\000\051\000\040\000[\0002\000/\0005\000]}{subsection.4.4.2}% 68
\BOOKMARK [3][-]{subsubsection.4.4.2.3}{\376\377\0004\000.\0004\000.\0002\000.\0003\000\040\000N\000o\000d\000e\000\050\000\051\000\040\000[\0003\000/\0005\000]}{subsection.4.4.2}% 69
\BOOKMARK [3][-]{subsubsection.4.4.2.4}{\376\377\0004\000.\0004\000.\0002\000.\0004\000\040\000N\000o\000d\000e\000\050\000\051\000\040\000[\0004\000/\0005\000]}{subsection.4.4.2}% 70
\BOOKMARK [3][-]{subsubsection.4.4.2.5}{\376\377\0004\000.\0004\000.\0002\000.\0005\000\040\000N\000o\000d\000e\000\050\000\051\000\040\000[\0005\000/\0005\000]}{subsection.4.4.2}% 71
\BOOKMARK [2][-]{subsection.4.4.3}{\376\377\0004\000.\0004\000.\0003\000\040\000M\000e\000m\000b\000e\000r\000\040\000F\000u\000n\000c\000t\000i\000o\000n\000\040\000D\000o\000c\000u\000m\000e\000n\000t\000a\000t\000i\000o\000n}{section.4.4}% 72
\BOOKMARK [3][-]{subsubsection.4.4.3.1}{\376\377\0004\000.\0004\000.\0003\000.\0001\000\040\000g\000e\000t\000C\000o\000d\000e\000\050\000\051}{subsection.4.4.3}% 73
\BOOKMARK [3][-]{subsubsection.4.4.3.2}{\376\377\0004\000.\0004\000.\0003\000.\0002\000\040\000g\000e\000t\000D\000e\000m\000a\000n\000d\000\050\000\051}{subsection.4.4.3}% 74
\BOOKMARK [3][-]{subsubsection.4.4.3.3}{\376\377\0004\000.\0004\000.\0003\000.\0003\000\040\000g\000e\000t\000M\000a\000x\000D\000e\000l\000i\000v\000e\000r\000y\000\050\000\051}{subsection.4.4.3}% 75
\BOOKMARK [3][-]{subsubsection.4.4.3.4}{\376\377\0004\000.\0004\000.\0003\000.\0004\000\040\000g\000e\000t\000M\000u\000n\000i\000c\000i\000p\000a\000l\000i\000t\000y\000\050\000\051}{subsection.4.4.3}% 76
\BOOKMARK [3][-]{subsubsection.4.4.3.5}{\376\377\0004\000.\0004\000.\0003\000.\0005\000\040\000g\000e\000t\000P\000o\000p\000u\000l\000a\000t\000i\000o\000n\000\050\000\051}{subsection.4.4.3}% 77
\BOOKMARK [3][-]{subsubsection.4.4.3.6}{\376\377\0004\000.\0004\000.\0003\000.\0006\000\040\000g\000e\000t\000R\000e\000s\000e\000r\000v\000o\000i\000r\000\050\000\051}{subsection.4.4.3}% 78
\BOOKMARK [3][-]{subsubsection.4.4.3.7}{\376\377\0004\000.\0004\000.\0003\000.\0007\000\040\000g\000e\000t\000T\000y\000p\000e\000\050\000\051}{subsection.4.4.3}% 79
\BOOKMARK [3][-]{subsubsection.4.4.3.8}{\376\377\0004\000.\0004\000.\0003\000.\0008\000\040\000o\000p\000e\000r\000a\000t\000o\000r\000=\000=\000\050\000\051}{subsection.4.4.3}% 80
\BOOKMARK [2][-]{subsection.4.4.4}{\376\377\0004\000.\0004\000.\0004\000\040\000M\000e\000m\000b\000e\000r\000\040\000D\000a\000t\000a\000\040\000D\000o\000c\000u\000m\000e\000n\000t\000a\000t\000i\000o\000n}{section.4.4}% 81
\BOOKMARK [3][-]{subsubsection.4.4.4.1}{\376\377\0004\000.\0004\000.\0004\000.\0001\000\040\000c\000o\000d\000e}{subsection.4.4.4}% 82
\BOOKMARK [3][-]{subsubsection.4.4.4.2}{\376\377\0004\000.\0004\000.\0004\000.\0002\000\040\000d\000e\000m\000a\000n\000d}{subsection.4.4.4}% 83
\BOOKMARK [3][-]{subsubsection.4.4.4.3}{\376\377\0004\000.\0004\000.\0004\000.\0003\000\040\000m\000a\000x\000D\000e\000l\000i\000v\000e\000r\000y}{subsection.4.4.4}% 84
\BOOKMARK [3][-]{subsubsection.4.4.4.4}{\376\377\0004\000.\0004\000.\0004\000.\0004\000\040\000m\000u\000n\000i\000c\000i\000p\000a\000l\000i\000t\000y}{subsection.4.4.4}% 85
\BOOKMARK [3][-]{subsubsection.4.4.4.5}{\376\377\0004\000.\0004\000.\0004\000.\0005\000\040\000p\000o\000p\000u\000l\000a\000t\000i\000o\000n}{subsection.4.4.4}% 86
\BOOKMARK [3][-]{subsubsection.4.4.4.6}{\376\377\0004\000.\0004\000.\0004\000.\0006\000\040\000r\000e\000s\000e\000r\000v\000o\000i\000r}{subsection.4.4.4}% 87
\BOOKMARK [3][-]{subsubsection.4.4.4.7}{\376\377\0004\000.\0004\000.\0004\000.\0007\000\040\000t\000y\000p\000e}{subsection.4.4.4}% 88
\BOOKMARK [1][-]{section.4.5}{\376\377\0004\000.\0005\000\040\000V\000e\000r\000t\000e\000x\000<\000\040\000T\000\040\000>\000\040\000C\000l\000a\000s\000s\000\040\000T\000e\000m\000p\000l\000a\000t\000e\000\040\000R\000e\000f\000e\000r\000e\000n\000c\000e}{chapter.4}% 89
\BOOKMARK [2][-]{subsection.4.5.1}{\376\377\0004\000.\0005\000.\0001\000\040\000C\000o\000n\000s\000t\000r\000u\000c\000t\000o\000r\000\040\000\046\000\040\000D\000e\000s\000t\000r\000u\000c\000t\000o\000r\000\040\000D\000o\000c\000u\000m\000e\000n\000t\000a\000t\000i\000o\000n}{section.4.5}% 90
\BOOKMARK [3][-]{subsubsection.4.5.1.1}{\376\377\0004\000.\0005\000.\0001\000.\0001\000\040\000V\000e\000r\000t\000e\000x\000\050\000\051}{subsection.4.5.1}% 91
\BOOKMARK [2][-]{subsection.4.5.2}{\376\377\0004\000.\0005\000.\0002\000\040\000M\000e\000m\000b\000e\000r\000\040\000F\000u\000n\000c\000t\000i\000o\000n\000\040\000D\000o\000c\000u\000m\000e\000n\000t\000a\000t\000i\000o\000n}{section.4.5}% 92
\BOOKMARK [3][-]{subsubsection.4.5.2.1}{\376\377\0004\000.\0005\000.\0002\000.\0001\000\040\000a\000d\000d\000E\000d\000g\000e\000\050\000\051}{subsection.4.5.2}% 93
\BOOKMARK [3][-]{subsubsection.4.5.2.2}{\376\377\0004\000.\0005\000.\0002\000.\0002\000\040\000d\000e\000l\000e\000t\000e\000E\000d\000g\000e\000\050\000\051}{subsection.4.5.2}% 94
\BOOKMARK [3][-]{subsubsection.4.5.2.3}{\376\377\0004\000.\0005\000.\0002\000.\0003\000\040\000g\000e\000t\000A\000d\000j\000\050\000\051}{subsection.4.5.2}% 95
\BOOKMARK [3][-]{subsubsection.4.5.2.4}{\376\377\0004\000.\0005\000.\0002\000.\0004\000\040\000g\000e\000t\000C\000u\000r\000r\000e\000n\000t\000F\000l\000o\000w\000\050\000\051}{subsection.4.5.2}% 96
\BOOKMARK [3][-]{subsubsection.4.5.2.5}{\376\377\0004\000.\0005\000.\0002\000.\0005\000\040\000g\000e\000t\000D\000i\000s\000t\000\050\000\051}{subsection.4.5.2}% 97
\BOOKMARK [3][-]{subsubsection.4.5.2.6}{\376\377\0004\000.\0005\000.\0002\000.\0006\000\040\000g\000e\000t\000I\000n\000c\000o\000m\000i\000n\000g\000\050\000\051}{subsection.4.5.2}% 98
\BOOKMARK [3][-]{subsubsection.4.5.2.7}{\376\377\0004\000.\0005\000.\0002\000.\0007\000\040\000g\000e\000t\000I\000n\000d\000e\000g\000r\000e\000e\000\050\000\051}{subsection.4.5.2}% 99
\BOOKMARK [3][-]{subsubsection.4.5.2.8}{\376\377\0004\000.\0005\000.\0002\000.\0008\000\040\000g\000e\000t\000I\000n\000f\000o\000\050\000\051}{subsection.4.5.2}% 100
\BOOKMARK [3][-]{subsubsection.4.5.2.9}{\376\377\0004\000.\0005\000.\0002\000.\0009\000\040\000g\000e\000t\000P\000a\000t\000h\000\050\000\051}{subsection.4.5.2}% 101
\BOOKMARK [3][-]{subsubsection.4.5.2.10}{\376\377\0004\000.\0005\000.\0002\000.\0001\0000\000\040\000g\000e\000t\000U\000s\000e\000d\000D\000e\000l\000i\000v\000e\000r\000y\000\050\000\051}{subsection.4.5.2}% 102
\BOOKMARK [3][-]{subsubsection.4.5.2.11}{\376\377\0004\000.\0005\000.\0002\000.\0001\0001\000\040\000i\000s\000P\000r\000o\000c\000e\000s\000s\000i\000n\000g\000\050\000\051}{subsection.4.5.2}% 103
\BOOKMARK [3][-]{subsubsection.4.5.2.12}{\376\377\0004\000.\0005\000.\0002\000.\0001\0002\000\040\000i\000s\000V\000i\000s\000i\000t\000e\000d\000\050\000\051}{subsection.4.5.2}% 104
\BOOKMARK [3][-]{subsubsection.4.5.2.13}{\376\377\0004\000.\0005\000.\0002\000.\0001\0003\000\040\000r\000e\000m\000o\000v\000e\000E\000d\000g\000e\000\050\000\051}{subsection.4.5.2}% 105
\BOOKMARK [3][-]{subsubsection.4.5.2.14}{\376\377\0004\000.\0005\000.\0002\000.\0001\0004\000\040\000r\000e\000m\000o\000v\000e\000O\000u\000t\000g\000o\000i\000n\000g\000E\000d\000g\000e\000s\000\050\000\051}{subsection.4.5.2}% 106
\BOOKMARK [3][-]{subsubsection.4.5.2.15}{\376\377\0004\000.\0005\000.\0002\000.\0001\0005\000\040\000s\000e\000t\000C\000u\000r\000r\000e\000n\000t\000F\000l\000o\000w\000\050\000\051}{subsection.4.5.2}% 107
\BOOKMARK [3][-]{subsubsection.4.5.2.16}{\376\377\0004\000.\0005\000.\0002\000.\0001\0006\000\040\000s\000e\000t\000D\000i\000s\000t\000\050\000\051}{subsection.4.5.2}% 108
\BOOKMARK [3][-]{subsubsection.4.5.2.17}{\376\377\0004\000.\0005\000.\0002\000.\0001\0007\000\040\000s\000e\000t\000I\000n\000d\000e\000g\000r\000e\000e\000\050\000\051}{subsection.4.5.2}% 109
\BOOKMARK [3][-]{subsubsection.4.5.2.18}{\376\377\0004\000.\0005\000.\0002\000.\0001\0008\000\040\000s\000e\000t\000I\000n\000f\000o\000\050\000\051}{subsection.4.5.2}% 110
\BOOKMARK [3][-]{subsubsection.4.5.2.19}{\376\377\0004\000.\0005\000.\0002\000.\0001\0009\000\040\000s\000e\000t\000P\000a\000t\000h\000\050\000\051}{subsection.4.5.2}% 111
\BOOKMARK [3][-]{subsubsection.4.5.2.20}{\376\377\0004\000.\0005\000.\0002\000.\0002\0000\000\040\000s\000e\000t\000P\000r\000o\000c\000e\000s\000s\000s\000i\000n\000g\000\050\000\051}{subsection.4.5.2}% 112
\BOOKMARK [3][-]{subsubsection.4.5.2.21}{\376\377\0004\000.\0005\000.\0002\000.\0002\0001\000\040\000s\000e\000t\000U\000s\000e\000d\000D\000e\000l\000i\000v\000e\000r\000y\000\050\000\051}{subsection.4.5.2}% 113
\BOOKMARK [3][-]{subsubsection.4.5.2.22}{\376\377\0004\000.\0005\000.\0002\000.\0002\0002\000\040\000s\000e\000t\000V\000i\000s\000i\000t\000e\000d\000\050\000\051}{subsection.4.5.2}% 114
\BOOKMARK [2][-]{subsection.4.5.3}{\376\377\0004\000.\0005\000.\0003\000\040\000M\000e\000m\000b\000e\000r\000\040\000D\000a\000t\000a\000\040\000D\000o\000c\000u\000m\000e\000n\000t\000a\000t\000i\000o\000n}{section.4.5}% 115
\BOOKMARK [3][-]{subsubsection.4.5.3.1}{\376\377\0004\000.\0005\000.\0003\000.\0001\000\040\000a\000d\000j}{subsection.4.5.3}% 116
\BOOKMARK [3][-]{subsubsection.4.5.3.2}{\376\377\0004\000.\0005\000.\0003\000.\0002\000\040\000c\000u\000r\000r\000e\000n\000t\000F\000l\000o\000w}{subsection.4.5.3}% 117
\BOOKMARK [3][-]{subsubsection.4.5.3.3}{\376\377\0004\000.\0005\000.\0003\000.\0003\000\040\000d\000i\000s\000t}{subsection.4.5.3}% 118
\BOOKMARK [3][-]{subsubsection.4.5.3.4}{\376\377\0004\000.\0005\000.\0003\000.\0004\000\040\000i\000n\000c\000o\000m\000i\000n\000g}{subsection.4.5.3}% 119
\BOOKMARK [3][-]{subsubsection.4.5.3.5}{\376\377\0004\000.\0005\000.\0003\000.\0005\000\040\000i\000n\000d\000e\000g\000r\000e\000e}{subsection.4.5.3}% 120
\BOOKMARK [3][-]{subsubsection.4.5.3.6}{\376\377\0004\000.\0005\000.\0003\000.\0006\000\040\000i\000n\000f\000o}{subsection.4.5.3}% 121
\BOOKMARK [3][-]{subsubsection.4.5.3.7}{\376\377\0004\000.\0005\000.\0003\000.\0007\000\040\000p\000a\000t\000h}{subsection.4.5.3}% 122
\BOOKMARK [3][-]{subsubsection.4.5.3.8}{\376\377\0004\000.\0005\000.\0003\000.\0008\000\040\000p\000r\000o\000c\000e\000s\000s\000i\000n\000g}{subsection.4.5.3}% 123
\BOOKMARK [3][-]{subsubsection.4.5.3.9}{\376\377\0004\000.\0005\000.\0003\000.\0009\000\040\000u\000s\000e\000d\000D\000e\000l\000i\000v\000e\000r\000y}{subsection.4.5.3}% 124
\BOOKMARK [3][-]{subsubsection.4.5.3.10}{\376\377\0004\000.\0005\000.\0003\000.\0001\0000\000\040\000v\000i\000s\000i\000t\000e\000d}{subsection.4.5.3}% 125
\BOOKMARK [1][-]{section.4.6}{\376\377\0004\000.\0006\000\040\000W\000a\000t\000e\000r\000N\000e\000t\000w\000o\000r\000k\000\040\000C\000l\000a\000s\000s\000\040\000R\000e\000f\000e\000r\000e\000n\000c\000e}{chapter.4}% 126
\BOOKMARK [2][-]{subsection.4.6.1}{\376\377\0004\000.\0006\000.\0001\000\040\000D\000e\000t\000a\000i\000l\000e\000d\000\040\000D\000e\000s\000c\000r\000i\000p\000t\000i\000o\000n}{section.4.6}% 127
\BOOKMARK [2][-]{subsection.4.6.2}{\376\377\0004\000.\0006\000.\0002\000\040\000C\000o\000n\000s\000t\000r\000u\000c\000t\000o\000r\000\040\000\046\000\040\000D\000e\000s\000t\000r\000u\000c\000t\000o\000r\000\040\000D\000o\000c\000u\000m\000e\000n\000t\000a\000t\000i\000o\000n}{section.4.6}% 128
\BOOKMARK [3][-]{subsubsection.4.6.2.1}{\376\377\0004\000.\0006\000.\0002\000.\0001\000\040\000W\000a\000t\000e\000r\000N\000e\000t\000w\000o\000r\000k\000\050\000\051\000\040\000[\0001\000/\0002\000]}{subsection.4.6.2}% 129
\BOOKMARK [3][-]{subsubsection.4.6.2.2}{\376\377\0004\000.\0006\000.\0002\000.\0002\000\040\000W\000a\000t\000e\000r\000N\000e\000t\000w\000o\000r\000k\000\050\000\051\000\040\000[\0002\000/\0002\000]}{subsection.4.6.2}% 130
\BOOKMARK [3][-]{subsubsection.4.6.2.3}{\376\377\0004\000.\0006\000.\0002\000.\0003\000\040\000\040\000W\000a\000t\000e\000r\000N\000e\000t\000w\000o\000r\000k\000\050\000\051}{subsection.4.6.2}% 131
\BOOKMARK [2][-]{subsection.4.6.3}{\376\377\0004\000.\0006\000.\0003\000\040\000M\000e\000m\000b\000e\000r\000\040\000F\000u\000n\000c\000t\000i\000o\000n\000\040\000D\000o\000c\000u\000m\000e\000n\000t\000a\000t\000i\000o\000n}{section.4.6}% 132
\BOOKMARK [3][-]{subsubsection.4.6.3.1}{\376\377\0004\000.\0006\000.\0003\000.\0001\000\040\000c\000a\000l\000c\000u\000l\000a\000t\000e\000M\000e\000t\000r\000i\000c\000s\000\050\000\051}{subsection.4.6.3}% 133
\BOOKMARK [3][-]{subsubsection.4.6.3.2}{\376\377\0004\000.\0006\000.\0003\000.\0002\000\040\000e\000v\000a\000l\000u\000a\000t\000e\000A\000l\000l\000P\000u\000m\000p\000i\000n\000g\000S\000t\000a\000t\000i\000o\000n\000I\000m\000p\000a\000c\000t\000\050\000\051}{subsection.4.6.3}% 134
\BOOKMARK [3][-]{subsubsection.4.6.3.3}{\376\377\0004\000.\0006\000.\0003\000.\0003\000\040\000e\000v\000a\000l\000u\000a\000t\000e\000A\000l\000l\000R\000e\000s\000e\000r\000v\000o\000i\000r\000I\000m\000p\000a\000c\000t\000\050\000\051}{subsection.4.6.3}% 135
\BOOKMARK [3][-]{subsubsection.4.6.3.4}{\376\377\0004\000.\0006\000.\0003\000.\0004\000\040\000e\000v\000a\000l\000u\000a\000t\000e\000P\000i\000p\000e\000l\000i\000n\000e\000I\000m\000p\000a\000c\000t\000\050\000\051}{subsection.4.6.3}% 136
\BOOKMARK [3][-]{subsubsection.4.6.3.5}{\376\377\0004\000.\0006\000.\0003\000.\0005\000\040\000e\000v\000a\000l\000u\000a\000t\000e\000R\000e\000s\000e\000r\000v\000o\000i\000r\000I\000m\000p\000a\000c\000t\000\050\000\051}{subsection.4.6.3}% 137
\BOOKMARK [3][-]{subsubsection.4.6.3.6}{\376\377\0004\000.\0006\000.\0003\000.\0006\000\040\000g\000e\000t\000N\000e\000t\000w\000o\000r\000k\000G\000r\000a\000p\000h\000\050\000\051}{subsection.4.6.3}% 138
\BOOKMARK [3][-]{subsubsection.4.6.3.7}{\376\377\0004\000.\0006\000.\0003\000.\0007\000\040\000m\000u\000l\000t\000i\000S\000i\000n\000k\000M\000a\000x\000F\000l\000o\000w\000\050\000\051}{subsection.4.6.3}% 139
\BOOKMARK [3][-]{subsubsection.4.6.3.8}{\376\377\0004\000.\0006\000.\0003\000.\0008\000\040\000m\000u\000l\000t\000i\000W\000a\000t\000e\000r\000N\000e\000e\000d\000s\000\050\000\051}{subsection.4.6.3}% 140
\BOOKMARK [3][-]{subsubsection.4.6.3.9}{\376\377\0004\000.\0006\000.\0003\000.\0009\000\040\000s\000i\000n\000g\000l\000e\000S\000i\000n\000k\000M\000a\000x\000F\000l\000o\000w\000\050\000\051}{subsection.4.6.3}% 141
\BOOKMARK [2][-]{subsection.4.6.4}{\376\377\0004\000.\0006\000.\0004\000\040\000M\000e\000m\000b\000e\000r\000\040\000D\000a\000t\000a\000\040\000D\000o\000c\000u\000m\000e\000n\000t\000a\000t\000i\000o\000n}{section.4.6}% 142
\BOOKMARK [3][-]{subsubsection.4.6.4.1}{\376\377\0004\000.\0006\000.\0004\000.\0001\000\040\000n\000e\000t\000w\000o\000r\000k}{subsection.4.6.4}% 143
\BOOKMARK [0][-]{chapter.5}{\376\377\0005\000\040\000F\000i\000l\000e\000\040\000D\000o\000c\000u\000m\000e\000n\000t\000a\000t\000i\000o\000n}{}% 144
\BOOKMARK [1][-]{section.5.1}{\376\377\0005\000.\0001\000\040\000i\000n\000c\000/\000A\000p\000p\000.\000h\000p\000p\000\040\000F\000i\000l\000e\000\040\000R\000e\000f\000e\000r\000e\000n\000c\000e}{chapter.5}% 145
\BOOKMARK [1][-]{section.5.2}{\376\377\0005\000.\0002\000\040\000i\000n\000c\000/\000G\000r\000a\000p\000h\000.\000h\000p\000p\000\040\000F\000i\000l\000e\000\040\000R\000e\000f\000e\000r\000e\000n\000c\000e}{chapter.5}% 146
\BOOKMARK [2][-]{subsection.5.2.1}{\376\377\0005\000.\0002\000.\0001\000\040\000M\000a\000c\000r\000o\000\040\000D\000e\000f\000i\000n\000i\000t\000i\000o\000n\000\040\000D\000o\000c\000u\000m\000e\000n\000t\000a\000t\000i\000o\000n}{section.5.2}% 147
\BOOKMARK [3][-]{subsubsection.5.2.1.1}{\376\377\0005\000.\0002\000.\0001\000.\0001\000\040\000I\000N\000F}{subsection.5.2.1}% 148
\BOOKMARK [1][-]{section.5.3}{\376\377\0005\000.\0003\000\040\000i\000n\000c\000/\000N\000o\000d\000e\000.\000h\000p\000p\000\040\000F\000i\000l\000e\000\040\000R\000e\000f\000e\000r\000e\000n\000c\000e}{chapter.5}% 149
\BOOKMARK [1][-]{section.5.4}{\376\377\0005\000.\0004\000\040\000i\000n\000c\000/\000U\000t\000i\000l\000s\000.\000h\000p\000p\000\040\000F\000i\000l\000e\000\040\000R\000e\000f\000e\000r\000e\000n\000c\000e}{chapter.5}% 150
\BOOKMARK [2][-]{subsection.5.4.1}{\376\377\0005\000.\0004\000.\0001\000\040\000F\000u\000n\000c\000t\000i\000o\000n\000\040\000D\000o\000c\000u\000m\000e\000n\000t\000a\000t\000i\000o\000n}{section.5.4}% 151
\BOOKMARK [3][-]{subsubsection.5.4.1.1}{\376\377\0005\000.\0004\000.\0001\000.\0001\000\040\000a\000u\000g\000m\000e\000n\000t\000F\000l\000o\000w\000A\000l\000o\000n\000g\000P\000a\000t\000h\000\050\000\051}{subsection.5.4.1}% 152
\BOOKMARK [3][-]{subsubsection.5.4.1.2}{\376\377\0005\000.\0004\000.\0001\000.\0002\000\040\000c\000r\000e\000a\000t\000e\000S\000u\000p\000e\000r\000S\000i\000n\000k\000\050\000\051}{subsection.5.4.1}% 153
\BOOKMARK [3][-]{subsubsection.5.4.1.3}{\376\377\0005\000.\0004\000.\0001\000.\0003\000\040\000c\000r\000e\000a\000t\000e\000S\000u\000p\000e\000r\000S\000o\000u\000r\000c\000e\000\050\000\051}{subsection.5.4.1}% 154
\BOOKMARK [3][-]{subsubsection.5.4.1.4}{\376\377\0005\000.\0004\000.\0001\000.\0004\000\040\000d\000f\000s\000V\000i\000s\000i\000t\000F\000i\000n\000d\000C\000C\000\050\000\051}{subsection.5.4.1}% 155
\BOOKMARK [3][-]{subsubsection.5.4.1.5}{\376\377\0005\000.\0004\000.\0001\000.\0005\000\040\000e\000d\000m\000o\000n\000d\000s\000K\000a\000r\000p\000\050\000\051}{subsection.5.4.1}% 156
\BOOKMARK [3][-]{subsubsection.5.4.1.6}{\376\377\0005\000.\0004\000.\0001\000.\0006\000\040\000f\000i\000n\000d\000A\000u\000g\000m\000e\000n\000t\000i\000n\000g\000P\000a\000t\000h\000\050\000\051}{subsection.5.4.1}% 157
\BOOKMARK [3][-]{subsubsection.5.4.1.7}{\376\377\0005\000.\0004\000.\0001\000.\0007\000\040\000f\000i\000n\000d\000C\000o\000n\000n\000e\000c\000t\000e\000d\000C\000o\000m\000p\000o\000n\000e\000n\000t\000\050\000\051}{subsection.5.4.1}% 158
\BOOKMARK [3][-]{subsubsection.5.4.1.8}{\376\377\0005\000.\0004\000.\0001\000.\0008\000\040\000f\000i\000n\000d\000M\000i\000n\000R\000e\000s\000i\000d\000u\000a\000l\000A\000l\000o\000n\000g\000P\000a\000t\000h\000\050\000\051}{subsection.5.4.1}% 159
\BOOKMARK [3][-]{subsubsection.5.4.1.9}{\376\377\0005\000.\0004\000.\0001\000.\0009\000\040\000r\000e\000s\000e\000t\000G\000r\000a\000p\000h\000\050\000\051}{subsection.5.4.1}% 160
\BOOKMARK [3][-]{subsubsection.5.4.1.10}{\376\377\0005\000.\0004\000.\0001\000.\0001\0000\000\040\000t\000e\000s\000t\000A\000n\000d\000V\000i\000s\000i\000t\000\050\000\051}{subsection.5.4.1}% 161
\BOOKMARK [1][-]{section.5.5}{\376\377\0005\000.\0005\000\040\000i\000n\000c\000/\000W\000a\000t\000e\000r\000N\000e\000t\000w\000o\000r\000k\000.\000h\000p\000p\000\040\000F\000i\000l\000e\000\040\000R\000e\000f\000e\000r\000e\000n\000c\000e}{chapter.5}% 162
\BOOKMARK [1][-]{section.5.6}{\376\377\0005\000.\0006\000\040\000R\000E\000A\000D\000M\000E\000.\000m\000d\000\040\000F\000i\000l\000e\000\040\000R\000e\000f\000e\000r\000e\000n\000c\000e}{chapter.5}% 163
\BOOKMARK [1][-]{section.5.7}{\376\377\0005\000.\0007\000\040\000s\000r\000c\000/\000A\000p\000p\000.\000c\000p\000p\000\040\000F\000i\000l\000e\000\040\000R\000e\000f\000e\000r\000e\000n\000c\000e}{chapter.5}% 164
\BOOKMARK [2][-]{subsection.5.7.1}{\376\377\0005\000.\0007\000.\0001\000\040\000F\000u\000n\000c\000t\000i\000o\000n\000\040\000D\000o\000c\000u\000m\000e\000n\000t\000a\000t\000i\000o\000n}{section.5.7}% 165
\BOOKMARK [3][-]{subsubsection.5.7.1.1}{\376\377\0005\000.\0007\000.\0001\000.\0001\000\040\000c\000l\000e\000a\000r\000S\000c\000r\000e\000e\000n\000\050\000\051}{subsection.5.7.1}% 166
\BOOKMARK [1][-]{section.5.8}{\376\377\0005\000.\0008\000\040\000s\000r\000c\000/\000m\000a\000i\000n\000.\000c\000p\000p\000\040\000F\000i\000l\000e\000\040\000R\000e\000f\000e\000r\000e\000n\000c\000e}{chapter.5}% 167
\BOOKMARK [2][-]{subsection.5.8.1}{\376\377\0005\000.\0008\000.\0001\000\040\000F\000u\000n\000c\000t\000i\000o\000n\000\040\000D\000o\000c\000u\000m\000e\000n\000t\000a\000t\000i\000o\000n}{section.5.8}% 168
\BOOKMARK [3][-]{subsubsection.5.8.1.1}{\376\377\0005\000.\0008\000.\0001\000.\0001\000\040\000m\000a\000i\000n\000\050\000\051}{subsection.5.8.1}% 169
\BOOKMARK [1][-]{section.5.9}{\376\377\0005\000.\0009\000\040\000s\000r\000c\000/\000N\000o\000d\000e\000.\000c\000p\000p\000\040\000F\000i\000l\000e\000\040\000R\000e\000f\000e\000r\000e\000n\000c\000e}{chapter.5}% 170
\BOOKMARK [1][-]{section.5.10}{\376\377\0005\000.\0001\0000\000\040\000s\000r\000c\000/\000U\000t\000i\000l\000s\000.\000c\000p\000p\000\040\000F\000i\000l\000e\000\040\000R\000e\000f\000e\000r\000e\000n\000c\000e}{chapter.5}% 171
\BOOKMARK [2][-]{subsection.5.10.1}{\376\377\0005\000.\0001\0000\000.\0001\000\040\000F\000u\000n\000c\000t\000i\000o\000n\000\040\000D\000o\000c\000u\000m\000e\000n\000t\000a\000t\000i\000o\000n}{section.5.10}% 172
\BOOKMARK [3][-]{subsubsection.5.10.1.1}{\376\377\0005\000.\0001\0000\000.\0001\000.\0001\000\040\000a\000u\000g\000m\000e\000n\000t\000F\000l\000o\000w\000A\000l\000o\000n\000g\000P\000a\000t\000h\000\050\000\051}{subsection.5.10.1}% 173
\BOOKMARK [3][-]{subsubsection.5.10.1.2}{\376\377\0005\000.\0001\0000\000.\0001\000.\0002\000\040\000c\000r\000e\000a\000t\000e\000S\000u\000p\000e\000r\000S\000i\000n\000k\000\050\000\051}{subsection.5.10.1}% 174
\BOOKMARK [3][-]{subsubsection.5.10.1.3}{\376\377\0005\000.\0001\0000\000.\0001\000.\0003\000\040\000c\000r\000e\000a\000t\000e\000S\000u\000p\000e\000r\000S\000o\000u\000r\000c\000e\000\050\000\051}{subsection.5.10.1}% 175
\BOOKMARK [3][-]{subsubsection.5.10.1.4}{\376\377\0005\000.\0001\0000\000.\0001\000.\0004\000\040\000d\000f\000s\000V\000i\000s\000i\000t\000F\000i\000n\000d\000C\000C\000\050\000\051}{subsection.5.10.1}% 176
\BOOKMARK [3][-]{subsubsection.5.10.1.5}{\376\377\0005\000.\0001\0000\000.\0001\000.\0005\000\040\000e\000d\000m\000o\000n\000d\000s\000K\000a\000r\000p\000\050\000\051}{subsection.5.10.1}% 177
\BOOKMARK [3][-]{subsubsection.5.10.1.6}{\376\377\0005\000.\0001\0000\000.\0001\000.\0006\000\040\000f\000i\000n\000d\000A\000u\000g\000m\000e\000n\000t\000i\000n\000g\000P\000a\000t\000h\000\050\000\051}{subsection.5.10.1}% 178
\BOOKMARK [3][-]{subsubsection.5.10.1.7}{\376\377\0005\000.\0001\0000\000.\0001\000.\0007\000\040\000f\000i\000n\000d\000C\000o\000n\000n\000e\000c\000t\000e\000d\000C\000o\000m\000p\000o\000n\000e\000n\000t\000\050\000\051}{subsection.5.10.1}% 179
\BOOKMARK [3][-]{subsubsection.5.10.1.8}{\376\377\0005\000.\0001\0000\000.\0001\000.\0008\000\040\000f\000i\000n\000d\000M\000i\000n\000R\000e\000s\000i\000d\000u\000a\000l\000A\000l\000o\000n\000g\000P\000a\000t\000h\000\050\000\051}{subsection.5.10.1}% 180
\BOOKMARK [3][-]{subsubsection.5.10.1.9}{\376\377\0005\000.\0001\0000\000.\0001\000.\0009\000\040\000r\000e\000s\000e\000t\000G\000r\000a\000p\000h\000\050\000\051}{subsection.5.10.1}% 181
\BOOKMARK [3][-]{subsubsection.5.10.1.10}{\376\377\0005\000.\0001\0000\000.\0001\000.\0001\0000\000\040\000t\000e\000s\000t\000A\000n\000d\000V\000i\000s\000i\000t\000\050\000\051}{subsection.5.10.1}% 182
\BOOKMARK [1][-]{section.5.11}{\376\377\0005\000.\0001\0001\000\040\000s\000r\000c\000/\000W\000a\000t\000e\000r\000N\000e\000t\000w\000o\000r\000k\000.\000c\000p\000p\000\040\000F\000i\000l\000e\000\040\000R\000e\000f\000e\000r\000e\000n\000c\000e}{chapter.5}% 183
\BOOKMARK [0][-]{section*.41}{\376\377\000I\000n\000d\000e\000x}{}% 184
